<?xml version="1.0" encoding="UTF-8"?>
<testsuite name="com.itantra.protocol.TextPacketTest" tests="4" skipped="0" failures="0" errors="0" timestamp="2026-09-02T13:47:14" hostname="NIHAL_ASUS" time="0.084">
  <properties/>
  <testcase name="testMalformedJsonRejection" classname="com.itantra.protocol.TextPacketTest" time="0.048"/>
  <testcase name="testSerializationAndDeserialization" classname="com.itantra.protocol.TextPacketTest" time="0.034"/>
  <testcase name="testBlankFieldsRejection" classname="com.itantra.protocol.TextPacketTest" time="0.0"/>
  <testcase name="testDelimitedBytesFraming" classname="com.itantra.protocol.TextPacketTest" time="0.002"/>
  <system-out><![CDATA[]]></system-out>
  <system-err><![CDATA[]]></system-err>
</testsuite>
